<?xml version="1.0" encoding="UTF-8"?>
<!-- Generated by org.testng.reporters.JUnitXMLReporter -->
<testsuite ignored="2" hostname="HR-52L" failures="0" tests="2" name="Default test" time="2.178" errors="0" timestamp="2023-12-13T15:17:21 IST">
  <testcase classname="OrangeHRM.Test.LoginTest1" name="invalidcredentials_login" time="1.496"/>
  <testcase classname="OrangeHRM.Test.LoginTest1" name="validcredentials1_login" time="0.643"/>
  <testcase classname="OrangeHRM.Test.LoginTest1" name="verifyusername_entered" time="0.0">
    <ignored/>
  </testcase> <!-- verifyusername_entered -->
  <testcase classname="OrangeHRM.Test.LoginTest1" name="Check_forgotpasslink" time="0.0">
    <ignored/>
  </testcase> <!-- Check_forgotpasslink -->
</testsuite> <!-- Default test -->
